2025-05-28 10:46:48 INFO  i.q.commons.reporters.CoreReporter - Qase config: {"mode":"OFF","fallback":"OFF","environment":"","rootSuite":"","debug":false,"testops":{"project":"","defect":false,"api":{"host":"qase.io","token":""},"run":{"title":"Automated run 2025-05-28T10:46:48.9569707","description":"","complete":true,"id":0},"plan":{"id":0},"batch":{"size":200}},"report":{"driver":"LOCAL","connection":{"local":{"format":"JSON","path":"./build/qase-report"}}}}
2025-05-28 10:46:49 INFO  i.q.commons.reporters.CoreReporter - Starting test run
2025-05-28 10:47:25 INFO  i.q.commons.reporters.CoreReporter - Adding result: [FAILED toString()]
2025-05-28 10:47:31 INFO  i.q.commons.reporters.CoreReporter - Adding result: [FAILED toString()]
2025-05-28 10:47:41 INFO  i.q.commons.reporters.CoreReporter - Adding result: [FAILED toString()]
2025-05-28 10:47:44 INFO  i.q.commons.reporters.CoreReporter - Adding result: [FAILED toString()]
2025-05-28 10:47:49 INFO  i.q.commons.reporters.CoreReporter - Adding result: [FAILED toString()]
2025-05-28 10:48:10 INFO  i.q.commons.reporters.CoreReporter - Adding result: [FAILED toString()]
2025-05-28 10:48:11 INFO  i.q.commons.reporters.CoreReporter - Uploading results
2025-05-28 10:48:11 INFO  i.q.commons.reporters.CoreReporter - Completing test run
2025-05-28 10:49:21 INFO  i.q.commons.reporters.CoreReporter - Qase config: {"mode":"OFF","fallback":"OFF","environment":"","rootSuite":"","debug":false,"testops":{"project":"","defect":false,"api":{"host":"qase.io","token":""},"run":{"title":"Automated run 2025-05-28T10:49:21.8010993","description":"","complete":true,"id":0},"plan":{"id":0},"batch":{"size":200}},"report":{"driver":"LOCAL","connection":{"local":{"format":"JSON","path":"./build/qase-report"}}}}
2025-05-28 10:49:22 INFO  i.q.commons.reporters.CoreReporter - Starting test run
2025-05-28 10:50:06 INFO  i.q.commons.reporters.CoreReporter - Adding result: [FAILED toString()]
2025-05-28 10:50:30 INFO  i.q.commons.reporters.CoreReporter - Qase config: {"mode":"OFF","fallback":"OFF","environment":"","rootSuite":"","debug":false,"testops":{"project":"","defect":false,"api":{"host":"qase.io","token":""},"run":{"title":"Automated run 2025-05-28T10:50:30.9205459","description":"","complete":true,"id":0},"plan":{"id":0},"batch":{"size":200}},"report":{"driver":"LOCAL","connection":{"local":{"format":"JSON","path":"./build/qase-report"}}}}
2025-05-28 10:50:31 INFO  i.q.commons.reporters.CoreReporter - Starting test run
2025-05-28 10:51:16 INFO  i.q.commons.reporters.CoreReporter - Adding result: [FAILED toString()]
2025-05-28 11:05:53 INFO  i.q.commons.reporters.CoreReporter - Qase config: {"mode":"TESTOPS","fallback":"OFF","environment":"dev-demo","rootSuite":"","debug":true,"testops":{"project":"DIAGNOSTIC","defect":false,"api":{"host":"qase.io","token":"73768f37203aedffd6550ff1b4a047b48385b28e0fd842acfcd4d226b371805a"},"run":{"title":"Automated run 2025-05-28T11:05:53.458842","description":"","complete":true,"id":0},"plan":{"id":0},"batch":{"size":200}},"report":{"driver":"LOCAL","connection":{"local":{"format":"JSON","path":"./build/qase-report"}}}}
2025-05-28 11:05:54 INFO  i.q.commons.reporters.CoreReporter - Starting test run
2025-05-28 11:05:58 INFO  i.q.c.reporters.TestopsReporter - Test run 24 started
2025-05-28 11:06:43 INFO  i.q.commons.reporters.CoreReporter - Adding result: {"id":"6fefd62c-d8c7-43f0-9939-027e452f9d68","title":"Navigate to Login Page","signature":"com:qa:nal::diagnostictests.java::diagnostictests::navigatetologinpage::1","testopsId":1,"execution":{"startTime":1748410573201,"status":"FAILED","endTime":1748410603344,"duration":30143,"stacktrace":"org.opentest4j.AssertionFailedError: Login page not found: Error {\n  message\u003d\u0027Timeout 30000ms exceeded.\n  name\u003d\u0027TimeoutError\n  stack\u003d\u0027TimeoutError: Timeout 30000ms exceeded.\n    at ProgressController.run (C:\\Users\\abhay\\AppData\\Local\\Temp\\playwright-java-15775505015151154928\\package\\lib\\server\\progress.js:78:26)\n    at Frame.goto (C:\\Users\\abhay\\AppData\\Local\\Temp\\playwright-java-15775505015151154928\\package\\lib\\server\\frames.js:517:23)\n    at FrameDispatcher.goto (C:\\Users\\abhay\\AppData\\Local\\Temp\\playwright-java-15775505015151154928\\package\\lib\\server\\dispatchers\\frameDispatcher.js:81:119)\n    at FrameDispatcher._handleCommand (C:\\Users\\abhay\\AppData\\Local\\Temp\\playwright-java-15775505015151154928\\package\\lib\\server\\dispatchers\\dispatcher.js:94:40)\n    at DispatcherConnection.dispatch (C:\\Users\\abhay\\AppData\\Local\\Temp\\playwright-java-15775505015151154928\\package\\lib\\server\\dispatchers\\dispatcher.js:365:39)\n}\nCall log:\n- navigating to \"https://dev-demo-1.neuron7.ai/\", waiting until \"load\"\n\r\n\tat org.junit.jupiter.api.AssertionUtils.fail(AssertionUtils.java:38)\r\n\tat org.junit.jupiter.api.Assertions.fail(Assertions.java:138)\r\n\tat com.qa.nal.DiagnosticTests.navigateToLoginPage(DiagnosticTests.java:43)\r\n\tat java.base/jdk.internal.reflect.DirectMethodHandleAccessor.invoke(DirectMethodHandleAccessor.java:104)\r\n\tat java.base/java.lang.reflect.Method.invoke(Method.java:565)\r\n\tat org.junit.platform.commons.util.ReflectionUtils.invokeMethod(ReflectionUtils.java:766)\r\n\tat org.junit.jupiter.engine.execution.MethodInvocation.proceed(MethodInvocation.java:60)\r\n\tat org.junit.jupiter.engine.execution.InvocationInterceptorChain$ValidatingInvocation.proceed(InvocationInterceptorChain.java:131)\r\n\tat io.qase.junit5.QaseListener.interceptTestMethod(QaseListener.java:67)\r\n\tat org.junit.jupiter.engine.execution.InterceptingExecutableInvoker$ReflectiveInterceptorCall.lambda$ofVoidMethod$0(InterceptingExecutableInvoker.java:103)\r\n\tat org.junit.jupiter.engine.execution.InterceptingExecutableInvoker.lambda$invoke$0(InterceptingExecutableInvoker.java:93)\r\n\tat org.junit.jupiter.engine.execution.InvocationInterceptorChain$InterceptedInvocation.proceed(InvocationInterceptorChain.java:106)\r\n\tat org.junit.jupiter.engine.extension.TimeoutExtension.intercept(TimeoutExtension.java:156)\r\n\tat org.junit.jupiter.engine.extension.TimeoutExtension.interceptTestableMethod(TimeoutExtension.java:147)\r\n\tat org.junit.jupiter.engine.extension.TimeoutExtension.interceptTestMethod(TimeoutExtension.java:86)\r\n\tat org.junit.jupiter.engine.execution.InterceptingExecutableInvoker$ReflectiveInterceptorCall.lambda$ofVoidMethod$0(InterceptingExecutableInvoker.java:103)\r\n\tat org.junit.jupiter.engine.execution.InterceptingExecutableInvoker.lambda$invoke$0(InterceptingExecutableInvoker.java:93)\r\n\tat org.junit.jupiter.engine.execution.InvocationInterceptorChain$InterceptedInvocation.proceed(InvocationInterceptorChain.java:106)\r\n\tat org.junit.jupiter.engine.execution.InvocationInterceptorChain.proceed(InvocationInterceptorChain.java:64)\r\n\tat org.junit.jupiter.engine.execution.InvocationInterceptorChain.chainAndInvoke(InvocationInterceptorChain.java:45)\r\n\tat org.junit.jupiter.engine.execution.InvocationInterceptorChain.invoke(InvocationInterceptorChain.java:37)\r\n\tat org.junit.jupiter.engine.execution.InterceptingExecutableInvoker.invoke(InterceptingExecutableInvoker.java:92)\r\n\tat org.junit.jupiter.engine.execution.InterceptingExecutableInvoker.invoke(InterceptingExecutableInvoker.java:86)\r\n\tat org.junit.jupiter.engine.descriptor.TestMethodTestDescriptor.lambda$invokeTestMethod$8(TestMethodTestDescriptor.java:217)\r\n\tat org.junit.platform.engine.support.hierarchical.ThrowableCollector.execute(ThrowableCollector.java:73)\r\n\tat org.junit.jupiter.engine.descriptor.TestMethodTestDescriptor.invokeTestMethod(TestMethodTestDescriptor.java:213)\r\n\tat org.junit.jupiter.engine.descriptor.TestMethodTestDescriptor.execute(TestMethodTestDescriptor.java:138)\r\n\tat org.junit.jupiter.engine.descriptor.TestMethodTestDescriptor.execute(TestMethodTestDescriptor.java:68)\r\n\tat org.junit.platform.engine.support.hierarchical.NodeTestTask.lambda$executeRecursively$6(NodeTestTask.java:156)\r\n\tat org.junit.platform.engine.support.hierarchical.ThrowableCollector.execute(ThrowableCollector.java:73)\r\n\tat org.junit.platform.engine.support.hierarchical.NodeTestTask.lambda$executeRecursively$8(NodeTestTask.java:146)\r\n\tat org.junit.platform.engine.support.hierarchical.Node.around(Node.java:137)\r\n\tat org.junit.platform.engine.support.hierarchical.NodeTestTask.lambda$executeRecursively$9(NodeTestTask.java:144)\r\n\tat org.junit.platform.engine.support.hierarchical.ThrowableCollector.execute(ThrowableCollector.java:73)\r\n\tat org.junit.platform.engine.support.hierarchical.NodeTestTask.executeRecursively(NodeTestTask.java:143)\r\n\tat org.junit.platform.engine.support.hierarchical.NodeTestTask.execute(NodeTestTask.java:100)\r\n\tat java.base/java.util.ArrayList.forEach(ArrayList.java:1604)\r\n\tat org.junit.platform.engine.support.hierarchical.SameThreadHierarchicalTestExecutorService.invokeAll(SameThreadHierarchicalTestExecutorService.java:41)\r\n\tat org.junit.platform.engine.support.hierarchical.NodeTestTask.lambda$executeRecursively$6(NodeTestTask.java:160)\r\n\tat org.junit.platform.engine.support.hierarchical.ThrowableCollector.execute(ThrowableCollector.java:73)\r\n\tat org.junit.platform.engine.support.hierarchical.NodeTestTask.lambda$executeRecursively$8(NodeTestTask.java:146)\r\n\tat org.junit.platform.engine.support.hierarchical.Node.around(Node.java:137)\r\n\tat org.junit.platform.engine.support.hierarchical.NodeTestTask.lambda$executeRecursively$9(NodeTestTask.java:144)\r\n\tat org.junit.platform.engine.support.hierarchical.ThrowableCollector.execute(ThrowableCollector.java:73)\r\n\tat org.junit.platform.engine.support.hierarchical.NodeTestTask.executeRecursively(NodeTestTask.java:143)\r\n\tat org.junit.platform.engine.support.hierarchical.NodeTestTask.execute(NodeTestTask.java:100)\r\n\tat java.base/java.util.ArrayList.forEach(ArrayList.java:1604)\r\n\tat org.junit.platform.engine.support.hierarchical.SameThreadHierarchicalTestExecutorService.invokeAll(SameThreadHierarchicalTestExecutorService.java:41)\r\n\tat org.junit.platform.engine.support.hierarchical.NodeTestTask.lambda$executeRecursively$6(NodeTestTask.java:160)\r\n\tat org.junit.platform.engine.support.hierarchical.ThrowableCollector.execute(ThrowableCollector.java:73)\r\n\tat org.junit.platform.engine.support.hierarchical.NodeTestTask.lambda$executeRecursively$8(NodeTestTask.java:146)\r\n\tat org.junit.platform.engine.support.hierarchical.Node.around(Node.java:137)\r\n\tat org.junit.platform.engine.support.hierarchical.NodeTestTask.lambda$executeRecursively$9(NodeTestTask.java:144)\r\n\tat org.junit.platform.engine.support.hierarchical.ThrowableCollector.execute(ThrowableCollector.java:73)\r\n\tat org.junit.platform.engine.support.hierarchical.NodeTestTask.executeRecursively(NodeTestTask.java:143)\r\n\tat org.junit.platform.engine.support.hierarchical.NodeTestTask.execute(NodeTestTask.java:100)\r\n\tat org.junit.platform.engine.support.hierarchical.SameThreadHierarchicalTestExecutorService.submit(SameThreadHierarchicalTestExecutorService.java:35)\r\n\tat org.junit.platform.engine.support.hierarchical.HierarchicalTestExecutor.execute(HierarchicalTestExecutor.java:57)\r\n\tat org.junit.platform.engine.support.hierarchical.HierarchicalTestEngine.execute(HierarchicalTestEngine.java:54)\r\n\tat org.junit.platform.launcher.core.DefaultLauncher.execute(DefaultLauncher.java:248)\r\n\tat org.junit.platform.launcher.core.DefaultLauncher.lambda$execute$5(DefaultLauncher.java:211)\r\n\tat org.junit.platform.launcher.core.DefaultLauncher.withInterceptedStreams(DefaultLauncher.java:226)\r\n\tat org.junit.platform.launcher.core.DefaultLauncher.execute(DefaultLauncher.java:199)\r\n\tat org.junit.platform.launcher.core.DefaultLauncher.execute(DefaultLauncher.java:132)\r\n\tat org.apache.maven.surefire.junitplatform.JUnitPlatformProvider.execute(JUnitPlatformProvider.java:188)\r\n\tat org.apache.maven.surefire.junitplatform.JUnitPlatformProvider.invokeAllTests(JUnitPlatformProvider.java:154)\r\n\tat org.apache.maven.surefire.junitplatform.JUnitPlatformProvider.invoke(JUnitPlatformProvider.java:128)\r\n\tat org.apache.maven.surefire.booter.ForkedBooter.runSuitesInProcess(ForkedBooter.java:428)\r\n\tat org.apache.maven.surefire.booter.ForkedBooter.execute(ForkedBooter.java:162)\r\n\tat org.apache.maven.surefire.booter.ForkedBooter.run(ForkedBooter.java:562)\r\n\tat org.apache.maven.surefire.booter.ForkedBooter.main(ForkedBooter.java:548)\r\n"},"fields":{},"attachments":[],"steps":[],"params":{},"paramGroups":[],"relations":{"suite":{"data":[{"title":"com.qa.nal.DiagnosticTests","publicId":0}]}},"muted":false,"message":"org.opentest4j.AssertionFailedError: Login page not found: Error {\n  message\u003d\u0027Timeout 30000ms exceeded.\n  name\u003d\u0027TimeoutError\n  stack\u003d\u0027TimeoutError: Timeout 30000ms exceeded.\n    at ProgressController.run (C:\\Users\\abhay\\AppData\\Local\\Temp\\playwright-java-15775505015151154928\\package\\lib\\server\\progress.js:78:26)\n    at Frame.goto (C:\\Users\\abhay\\AppData\\Local\\Temp\\playwright-java-15775505015151154928\\package\\lib\\server\\frames.js:517:23)\n    at FrameDispatcher.goto (C:\\Users\\abhay\\AppData\\Local\\Temp\\playwright-java-15775505015151154928\\package\\lib\\server\\dispatchers\\frameDispatcher.js:81:119)\n    at FrameDispatcher._handleCommand (C:\\Users\\abhay\\AppData\\Local\\Temp\\playwright-java-15775505015151154928\\package\\lib\\server\\dispatchers\\dispatcher.js:94:40)\n    at DispatcherConnection.dispatch (C:\\Users\\abhay\\AppData\\Local\\Temp\\playwright-java-15775505015151154928\\package\\lib\\server\\dispatchers\\dispatcher.js:365:39)\n}\nCall log:\n- navigating to \"https://dev-demo-1.neuron7.ai/\", waiting until \"load\"\n","ignore":false}
2025-05-28 11:06:43 INFO  i.q.c.reporters.TestopsReporter - See why this test failed: https://app.qase.io/run/DIAGNOSTIC/dashboard/24?source=logs&status=%5B2%5D&search=1
2025-05-28 11:07:13 INFO  i.q.commons.reporters.CoreReporter - Adding result: {"id":"5d9d8872-95c4-4019-be26-c666e81d57d3","title":"Perform Login","signature":"com:qa:nal::diagnostictests.java::diagnostictests::performlogin::2","testopsId":2,"execution":{"startTime":1748410603404,"status":"FAILED","endTime":1748410633551,"duration":30147,"stacktrace":"org.opentest4j.AssertionFailedError: Login failed: Error {\n  message\u003d\u0027Timeout 30000ms exceeded.\n  name\u003d\u0027TimeoutError\n  stack\u003d\u0027TimeoutError: Timeout 30000ms exceeded.\n    at ProgressController.run (C:\\Users\\abhay\\AppData\\Local\\Temp\\playwright-java-15775505015151154928\\package\\lib\\server\\progress.js:78:26)\n    at Frame.click (C:\\Users\\abhay\\AppData\\Local\\Temp\\playwright-java-15775505015151154928\\package\\lib\\server\\frames.js:996:23)\n    at FrameDispatcher.click (C:\\Users\\abhay\\AppData\\Local\\Temp\\playwright-java-15775505015151154928\\package\\lib\\server\\dispatchers\\frameDispatcher.js:158:30)\n    at FrameDispatcher._handleCommand (C:\\Users\\abhay\\AppData\\Local\\Temp\\playwright-java-15775505015151154928\\package\\lib\\server\\dispatchers\\dispatcher.js:94:40)\n    at DispatcherConnection.dispatch (C:\\Users\\abhay\\AppData\\Local\\Temp\\playwright-java-15775505015151154928\\package\\lib\\server\\dispatchers\\dispatcher.js:365:39)\n}\nCall log:\n- waiting for getByRole(AriaRole.TEXTBOX, new Page.GetByRoleOptions().setName(\"Username\"))\n\r\n\tat org.junit.jupiter.api.AssertionUtils.fail(AssertionUtils.java:38)\r\n\tat org.junit.jupiter.api.Assertions.fail(Assertions.java:138)\r\n\tat com.qa.nal.DiagnosticTests.performLogin(DiagnosticTests.java:74)\r\n\tat java.base/jdk.internal.reflect.DirectMethodHandleAccessor.invoke(DirectMethodHandleAccessor.java:104)\r\n\tat java.base/java.lang.reflect.Method.invoke(Method.java:565)\r\n\tat org.junit.platform.commons.util.ReflectionUtils.invokeMethod(ReflectionUtils.java:766)\r\n\tat org.junit.jupiter.engine.execution.MethodInvocation.proceed(MethodInvocation.java:60)\r\n\tat org.junit.jupiter.engine.execution.InvocationInterceptorChain$ValidatingInvocation.proceed(InvocationInterceptorChain.java:131)\r\n\tat io.qase.junit5.QaseListener.interceptTestMethod(QaseListener.java:67)\r\n\tat org.junit.jupiter.engine.execution.InterceptingExecutableInvoker$ReflectiveInterceptorCall.lambda$ofVoidMethod$0(InterceptingExecutableInvoker.java:103)\r\n\tat org.junit.jupiter.engine.execution.InterceptingExecutableInvoker.lambda$invoke$0(InterceptingExecutableInvoker.java:93)\r\n\tat org.junit.jupiter.engine.execution.InvocationInterceptorChain$InterceptedInvocation.proceed(InvocationInterceptorChain.java:106)\r\n\tat org.junit.jupiter.engine.extension.TimeoutExtension.intercept(TimeoutExtension.java:156)\r\n\tat org.junit.jupiter.engine.extension.TimeoutExtension.interceptTestableMethod(TimeoutExtension.java:147)\r\n\tat org.junit.jupiter.engine.extension.TimeoutExtension.interceptTestMethod(TimeoutExtension.java:86)\r\n\tat org.junit.jupiter.engine.execution.InterceptingExecutableInvoker$ReflectiveInterceptorCall.lambda$ofVoidMethod$0(InterceptingExecutableInvoker.java:103)\r\n\tat org.junit.jupiter.engine.execution.InterceptingExecutableInvoker.lambda$invoke$0(InterceptingExecutableInvoker.java:93)\r\n\tat org.junit.jupiter.engine.execution.InvocationInterceptorChain$InterceptedInvocation.proceed(InvocationInterceptorChain.java:106)\r\n\tat org.junit.jupiter.engine.execution.InvocationInterceptorChain.proceed(InvocationInterceptorChain.java:64)\r\n\tat org.junit.jupiter.engine.execution.InvocationInterceptorChain.chainAndInvoke(InvocationInterceptorChain.java:45)\r\n\tat org.junit.jupiter.engine.execution.InvocationInterceptorChain.invoke(InvocationInterceptorChain.java:37)\r\n\tat org.junit.jupiter.engine.execution.InterceptingExecutableInvoker.invoke(InterceptingExecutableInvoker.java:92)\r\n\tat org.junit.jupiter.engine.execution.InterceptingExecutableInvoker.invoke(InterceptingExecutableInvoker.java:86)\r\n\tat org.junit.jupiter.engine.descriptor.TestMethodTestDescriptor.lambda$invokeTestMethod$8(TestMethodTestDescriptor.java:217)\r\n\tat org.junit.platform.engine.support.hierarchical.ThrowableCollector.execute(ThrowableCollector.java:73)\r\n\tat org.junit.jupiter.engine.descriptor.TestMethodTestDescriptor.invokeTestMethod(TestMethodTestDescriptor.java:213)\r\n\tat org.junit.jupiter.engine.descriptor.TestMethodTestDescriptor.execute(TestMethodTestDescriptor.java:138)\r\n\tat org.junit.jupiter.engine.descriptor.TestMethodTestDescriptor.execute(TestMethodTestDescriptor.java:68)\r\n\tat org.junit.platform.engine.support.hierarchical.NodeTestTask.lambda$executeRecursively$6(NodeTestTask.java:156)\r\n\tat org.junit.platform.engine.support.hierarchical.ThrowableCollector.execute(ThrowableCollector.java:73)\r\n\tat org.junit.platform.engine.support.hierarchical.NodeTestTask.lambda$executeRecursively$8(NodeTestTask.java:146)\r\n\tat org.junit.platform.engine.support.hierarchical.Node.around(Node.java:137)\r\n\tat org.junit.platform.engine.support.hierarchical.NodeTestTask.lambda$executeRecursively$9(NodeTestTask.java:144)\r\n\tat org.junit.platform.engine.support.hierarchical.ThrowableCollector.execute(ThrowableCollector.java:73)\r\n\tat org.junit.platform.engine.support.hierarchical.NodeTestTask.executeRecursively(NodeTestTask.java:143)\r\n\tat org.junit.platform.engine.support.hierarchical.NodeTestTask.execute(NodeTestTask.java:100)\r\n\tat java.base/java.util.ArrayList.forEach(ArrayList.java:1604)\r\n\tat org.junit.platform.engine.support.hierarchical.SameThreadHierarchicalTestExecutorService.invokeAll(SameThreadHierarchicalTestExecutorService.java:41)\r\n\tat org.junit.platform.engine.support.hierarchical.NodeTestTask.lambda$executeRecursively$6(NodeTestTask.java:160)\r\n\tat org.junit.platform.engine.support.hierarchical.ThrowableCollector.execute(ThrowableCollector.java:73)\r\n\tat org.junit.platform.engine.support.hierarchical.NodeTestTask.lambda$executeRecursively$8(NodeTestTask.java:146)\r\n\tat org.junit.platform.engine.support.hierarchical.Node.around(Node.java:137)\r\n\tat org.junit.platform.engine.support.hierarchical.NodeTestTask.lambda$executeRecursively$9(NodeTestTask.java:144)\r\n\tat org.junit.platform.engine.support.hierarchical.ThrowableCollector.execute(ThrowableCollector.java:73)\r\n\tat org.junit.platform.engine.support.hierarchical.NodeTestTask.executeRecursively(NodeTestTask.java:143)\r\n\tat org.junit.platform.engine.support.hierarchical.NodeTestTask.execute(NodeTestTask.java:100)\r\n\tat java.base/java.util.ArrayList.forEach(ArrayList.java:1604)\r\n\tat org.junit.platform.engine.support.hierarchical.SameThreadHierarchicalTestExecutorService.invokeAll(SameThreadHierarchicalTestExecutorService.java:41)\r\n\tat org.junit.platform.engine.support.hierarchical.NodeTestTask.lambda$executeRecursively$6(NodeTestTask.java:160)\r\n\tat org.junit.platform.engine.support.hierarchical.ThrowableCollector.execute(ThrowableCollector.java:73)\r\n\tat org.junit.platform.engine.support.hierarchical.NodeTestTask.lambda$executeRecursively$8(NodeTestTask.java:146)\r\n\tat org.junit.platform.engine.support.hierarchical.Node.around(Node.java:137)\r\n\tat org.junit.platform.engine.support.hierarchical.NodeTestTask.lambda$executeRecursively$9(NodeTestTask.java:144)\r\n\tat org.junit.platform.engine.support.hierarchical.ThrowableCollector.execute(ThrowableCollector.java:73)\r\n\tat org.junit.platform.engine.support.hierarchical.NodeTestTask.executeRecursively(NodeTestTask.java:143)\r\n\tat org.junit.platform.engine.support.hierarchical.NodeTestTask.execute(NodeTestTask.java:100)\r\n\tat org.junit.platform.engine.support.hierarchical.SameThreadHierarchicalTestExecutorService.submit(SameThreadHierarchicalTestExecutorService.java:35)\r\n\tat org.junit.platform.engine.support.hierarchical.HierarchicalTestExecutor.execute(HierarchicalTestExecutor.java:57)\r\n\tat org.junit.platform.engine.support.hierarchical.HierarchicalTestEngine.execute(HierarchicalTestEngine.java:54)\r\n\tat org.junit.platform.launcher.core.DefaultLauncher.execute(DefaultLauncher.java:248)\r\n\tat org.junit.platform.launcher.core.DefaultLauncher.lambda$execute$5(DefaultLauncher.java:211)\r\n\tat org.junit.platform.launcher.core.DefaultLauncher.withInterceptedStreams(DefaultLauncher.java:226)\r\n\tat org.junit.platform.launcher.core.DefaultLauncher.execute(DefaultLauncher.java:199)\r\n\tat org.junit.platform.launcher.core.DefaultLauncher.execute(DefaultLauncher.java:132)\r\n\tat org.apache.maven.surefire.junitplatform.JUnitPlatformProvider.execute(JUnitPlatformProvider.java:188)\r\n\tat org.apache.maven.surefire.junitplatform.JUnitPlatformProvider.invokeAllTests(JUnitPlatformProvider.java:154)\r\n\tat org.apache.maven.surefire.junitplatform.JUnitPlatformProvider.invoke(JUnitPlatformProvider.java:128)\r\n\tat org.apache.maven.surefire.booter.ForkedBooter.runSuitesInProcess(ForkedBooter.java:428)\r\n\tat org.apache.maven.surefire.booter.ForkedBooter.execute(ForkedBooter.java:162)\r\n\tat org.apache.maven.surefire.booter.ForkedBooter.run(ForkedBooter.java:562)\r\n\tat org.apache.maven.surefire.booter.ForkedBooter.main(ForkedBooter.java:548)\r\n"},"fields":{},"attachments":[],"steps":[],"params":{},"paramGroups":[],"relations":{"suite":{"data":[{"title":"com.qa.nal.DiagnosticTests","publicId":0}]}},"muted":false,"message":"org.opentest4j.AssertionFailedError: Login failed: Error {\n  message\u003d\u0027Timeout 30000ms exceeded.\n  name\u003d\u0027TimeoutError\n  stack\u003d\u0027TimeoutError: Timeout 30000ms exceeded.\n    at ProgressController.run (C:\\Users\\abhay\\AppData\\Local\\Temp\\playwright-java-15775505015151154928\\package\\lib\\server\\progress.js:78:26)\n    at Frame.click (C:\\Users\\abhay\\AppData\\Local\\Temp\\playwright-java-15775505015151154928\\package\\lib\\server\\frames.js:996:23)\n    at FrameDispatcher.click (C:\\Users\\abhay\\AppData\\Local\\Temp\\playwright-java-15775505015151154928\\package\\lib\\server\\dispatchers\\frameDispatcher.js:158:30)\n    at FrameDispatcher._handleCommand (C:\\Users\\abhay\\AppData\\Local\\Temp\\playwright-java-15775505015151154928\\package\\lib\\server\\dispatchers\\dispatcher.js:94:40)\n    at DispatcherConnection.dispatch (C:\\Users\\abhay\\AppData\\Local\\Temp\\playwright-java-15775505015151154928\\package\\lib\\server\\dispatchers\\dispatcher.js:365:39)\n}\nCall log:\n- waiting for getByRole(AriaRole.TEXTBOX, new Page.GetByRoleOptions().setName(\"Username\"))\n","ignore":false}
2025-05-28 11:07:13 INFO  i.q.c.reporters.TestopsReporter - See why this test failed: https://app.qase.io/run/DIAGNOSTIC/dashboard/24?source=logs&status=%5B2%5D&search=2
2025-05-28 11:07:43 INFO  i.q.commons.reporters.CoreReporter - Adding result: {"id":"344f5614-b158-474c-bdd4-c4064e891479","title":"Handle Initial Pop-Up","signature":"com:qa:nal::diagnostictests.java::diagnostictests::handleinitialpopup::3","testopsId":3,"execution":{"startTime":1748410633570,"status":"FAILED","endTime":1748410663650,"duration":30080,"stacktrace":"org.opentest4j.AssertionFailedError: Modal not found or not visible: Error {\n  message\u003d\u0027Timeout 30000ms exceeded.\n  name\u003d\u0027TimeoutError\n  stack\u003d\u0027TimeoutError: Timeout 30000ms exceeded.\n    at ProgressController.run (C:\\Users\\abhay\\AppData\\Local\\Temp\\playwright-java-15775505015151154928\\package\\lib\\server\\progress.js:78:26)\n    at Frame.click (C:\\Users\\abhay\\AppData\\Local\\Temp\\playwright-java-15775505015151154928\\package\\lib\\server\\frames.js:996:23)\n    at FrameDispatcher.click (C:\\Users\\abhay\\AppData\\Local\\Temp\\playwright-java-15775505015151154928\\package\\lib\\server\\dispatchers\\frameDispatcher.js:158:30)\n    at FrameDispatcher._handleCommand (C:\\Users\\abhay\\AppData\\Local\\Temp\\playwright-java-15775505015151154928\\package\\lib\\server\\dispatchers\\dispatcher.js:94:40)\n    at DispatcherConnection.dispatch (C:\\Users\\abhay\\AppData\\Local\\Temp\\playwright-java-15775505015151154928\\package\\lib\\server\\dispatchers\\dispatcher.js:365:39)\n}\nCall log:\n- waiting for getByRole(AriaRole.BUTTON, new Page.GetByRoleOptions().setName(\"Cancel\"))\n\r\n\tat org.junit.jupiter.api.AssertionUtils.fail(AssertionUtils.java:38)\r\n\tat org.junit.jupiter.api.Assertions.fail(Assertions.java:138)\r\n\tat com.qa.nal.DiagnosticTests.handleInitialPopup(DiagnosticTests.java:90)\r\n\tat java.base/jdk.internal.reflect.DirectMethodHandleAccessor.invoke(DirectMethodHandleAccessor.java:104)\r\n\tat java.base/java.lang.reflect.Method.invoke(Method.java:565)\r\n\tat org.junit.platform.commons.util.ReflectionUtils.invokeMethod(ReflectionUtils.java:766)\r\n\tat org.junit.jupiter.engine.execution.MethodInvocation.proceed(MethodInvocation.java:60)\r\n\tat org.junit.jupiter.engine.execution.InvocationInterceptorChain$ValidatingInvocation.proceed(InvocationInterceptorChain.java:131)\r\n\tat io.qase.junit5.QaseListener.interceptTestMethod(QaseListener.java:67)\r\n\tat org.junit.jupiter.engine.execution.InterceptingExecutableInvoker$ReflectiveInterceptorCall.lambda$ofVoidMethod$0(InterceptingExecutableInvoker.java:103)\r\n\tat org.junit.jupiter.engine.execution.InterceptingExecutableInvoker.lambda$invoke$0(InterceptingExecutableInvoker.java:93)\r\n\tat org.junit.jupiter.engine.execution.InvocationInterceptorChain$InterceptedInvocation.proceed(InvocationInterceptorChain.java:106)\r\n\tat org.junit.jupiter.engine.extension.TimeoutExtension.intercept(TimeoutExtension.java:156)\r\n\tat org.junit.jupiter.engine.extension.TimeoutExtension.interceptTestableMethod(TimeoutExtension.java:147)\r\n\tat org.junit.jupiter.engine.extension.TimeoutExtension.interceptTestMethod(TimeoutExtension.java:86)\r\n\tat org.junit.jupiter.engine.execution.InterceptingExecutableInvoker$ReflectiveInterceptorCall.lambda$ofVoidMethod$0(InterceptingExecutableInvoker.java:103)\r\n\tat org.junit.jupiter.engine.execution.InterceptingExecutableInvoker.lambda$invoke$0(InterceptingExecutableInvoker.java:93)\r\n\tat org.junit.jupiter.engine.execution.InvocationInterceptorChain$InterceptedInvocation.proceed(InvocationInterceptorChain.java:106)\r\n\tat org.junit.jupiter.engine.execution.InvocationInterceptorChain.proceed(InvocationInterceptorChain.java:64)\r\n\tat org.junit.jupiter.engine.execution.InvocationInterceptorChain.chainAndInvoke(InvocationInterceptorChain.java:45)\r\n\tat org.junit.jupiter.engine.execution.InvocationInterceptorChain.invoke(InvocationInterceptorChain.java:37)\r\n\tat org.junit.jupiter.engine.execution.InterceptingExecutableInvoker.invoke(InterceptingExecutableInvoker.java:92)\r\n\tat org.junit.jupiter.engine.execution.InterceptingExecutableInvoker.invoke(InterceptingExecutableInvoker.java:86)\r\n\tat org.junit.jupiter.engine.descriptor.TestMethodTestDescriptor.lambda$invokeTestMethod$8(TestMethodTestDescriptor.java:217)\r\n\tat org.junit.platform.engine.support.hierarchical.ThrowableCollector.execute(ThrowableCollector.java:73)\r\n\tat org.junit.jupiter.engine.descriptor.TestMethodTestDescriptor.invokeTestMethod(TestMethodTestDescriptor.java:213)\r\n\tat org.junit.jupiter.engine.descriptor.TestMethodTestDescriptor.execute(TestMethodTestDescriptor.java:138)\r\n\tat org.junit.jupiter.engine.descriptor.TestMethodTestDescriptor.execute(TestMethodTestDescriptor.java:68)\r\n\tat org.junit.platform.engine.support.hierarchical.NodeTestTask.lambda$executeRecursively$6(NodeTestTask.java:156)\r\n\tat org.junit.platform.engine.support.hierarchical.ThrowableCollector.execute(ThrowableCollector.java:73)\r\n\tat org.junit.platform.engine.support.hierarchical.NodeTestTask.lambda$executeRecursively$8(NodeTestTask.java:146)\r\n\tat org.junit.platform.engine.support.hierarchical.Node.around(Node.java:137)\r\n\tat org.junit.platform.engine.support.hierarchical.NodeTestTask.lambda$executeRecursively$9(NodeTestTask.java:144)\r\n\tat org.junit.platform.engine.support.hierarchical.ThrowableCollector.execute(ThrowableCollector.java:73)\r\n\tat org.junit.platform.engine.support.hierarchical.NodeTestTask.executeRecursively(NodeTestTask.java:143)\r\n\tat org.junit.platform.engine.support.hierarchical.NodeTestTask.execute(NodeTestTask.java:100)\r\n\tat java.base/java.util.ArrayList.forEach(ArrayList.java:1604)\r\n\tat org.junit.platform.engine.support.hierarchical.SameThreadHierarchicalTestExecutorService.invokeAll(SameThreadHierarchicalTestExecutorService.java:41)\r\n\tat org.junit.platform.engine.support.hierarchical.NodeTestTask.lambda$executeRecursively$6(NodeTestTask.java:160)\r\n\tat org.junit.platform.engine.support.hierarchical.ThrowableCollector.execute(ThrowableCollector.java:73)\r\n\tat org.junit.platform.engine.support.hierarchical.NodeTestTask.lambda$executeRecursively$8(NodeTestTask.java:146)\r\n\tat org.junit.platform.engine.support.hierarchical.Node.around(Node.java:137)\r\n\tat org.junit.platform.engine.support.hierarchical.NodeTestTask.lambda$executeRecursively$9(NodeTestTask.java:144)\r\n\tat org.junit.platform.engine.support.hierarchical.ThrowableCollector.execute(ThrowableCollector.java:73)\r\n\tat org.junit.platform.engine.support.hierarchical.NodeTestTask.executeRecursively(NodeTestTask.java:143)\r\n\tat org.junit.platform.engine.support.hierarchical.NodeTestTask.execute(NodeTestTask.java:100)\r\n\tat java.base/java.util.ArrayList.forEach(ArrayList.java:1604)\r\n\tat org.junit.platform.engine.support.hierarchical.SameThreadHierarchicalTestExecutorService.invokeAll(SameThreadHierarchicalTestExecutorService.java:41)\r\n\tat org.junit.platform.engine.support.hierarchical.NodeTestTask.lambda$executeRecursively$6(NodeTestTask.java:160)\r\n\tat org.junit.platform.engine.support.hierarchical.ThrowableCollector.execute(ThrowableCollector.java:73)\r\n\tat org.junit.platform.engine.support.hierarchical.NodeTestTask.lambda$executeRecursively$8(NodeTestTask.java:146)\r\n\tat org.junit.platform.engine.support.hierarchical.Node.around(Node.java:137)\r\n\tat org.junit.platform.engine.support.hierarchical.NodeTestTask.lambda$executeRecursively$9(NodeTestTask.java:144)\r\n\tat org.junit.platform.engine.support.hierarchical.ThrowableCollector.execute(ThrowableCollector.java:73)\r\n\tat org.junit.platform.engine.support.hierarchical.NodeTestTask.executeRecursively(NodeTestTask.java:143)\r\n\tat org.junit.platform.engine.support.hierarchical.NodeTestTask.execute(NodeTestTask.java:100)\r\n\tat org.junit.platform.engine.support.hierarchical.SameThreadHierarchicalTestExecutorService.submit(SameThreadHierarchicalTestExecutorService.java:35)\r\n\tat org.junit.platform.engine.support.hierarchical.HierarchicalTestExecutor.execute(HierarchicalTestExecutor.java:57)\r\n\tat org.junit.platform.engine.support.hierarchical.HierarchicalTestEngine.execute(HierarchicalTestEngine.java:54)\r\n\tat org.junit.platform.launcher.core.DefaultLauncher.execute(DefaultLauncher.java:248)\r\n\tat org.junit.platform.launcher.core.DefaultLauncher.lambda$execute$5(DefaultLauncher.java:211)\r\n\tat org.junit.platform.launcher.core.DefaultLauncher.withInterceptedStreams(DefaultLauncher.java:226)\r\n\tat org.junit.platform.launcher.core.DefaultLauncher.execute(DefaultLauncher.java:199)\r\n\tat org.junit.platform.launcher.core.DefaultLauncher.execute(DefaultLauncher.java:132)\r\n\tat org.apache.maven.surefire.junitplatform.JUnitPlatformProvider.execute(JUnitPlatformProvider.java:188)\r\n\tat org.apache.maven.surefire.junitplatform.JUnitPlatformProvider.invokeAllTests(JUnitPlatformProvider.java:154)\r\n\tat org.apache.maven.surefire.junitplatform.JUnitPlatformProvider.invoke(JUnitPlatformProvider.java:128)\r\n\tat org.apache.maven.surefire.booter.ForkedBooter.runSuitesInProcess(ForkedBooter.java:428)\r\n\tat org.apache.maven.surefire.booter.ForkedBooter.execute(ForkedBooter.java:162)\r\n\tat org.apache.maven.surefire.booter.ForkedBooter.run(ForkedBooter.java:562)\r\n\tat org.apache.maven.surefire.booter.ForkedBooter.main(ForkedBooter.java:548)\r\n"},"fields":{},"attachments":[],"steps":[],"params":{},"paramGroups":[],"relations":{"suite":{"data":[{"title":"com.qa.nal.DiagnosticTests","publicId":0}]}},"muted":false,"message":"org.opentest4j.AssertionFailedError: Modal not found or not visible: Error {\n  message\u003d\u0027Timeout 30000ms exceeded.\n  name\u003d\u0027TimeoutError\n  stack\u003d\u0027TimeoutError: Timeout 30000ms exceeded.\n    at ProgressController.run (C:\\Users\\abhay\\AppData\\Local\\Temp\\playwright-java-15775505015151154928\\package\\lib\\server\\progress.js:78:26)\n    at Frame.click (C:\\Users\\abhay\\AppData\\Local\\Temp\\playwright-java-15775505015151154928\\package\\lib\\server\\frames.js:996:23)\n    at FrameDispatcher.click (C:\\Users\\abhay\\AppData\\Local\\Temp\\playwright-java-15775505015151154928\\package\\lib\\server\\dispatchers\\frameDispatcher.js:158:30)\n    at FrameDispatcher._handleCommand (C:\\Users\\abhay\\AppData\\Local\\Temp\\playwright-java-15775505015151154928\\package\\lib\\server\\dispatchers\\dispatcher.js:94:40)\n    at DispatcherConnection.dispatch (C:\\Users\\abhay\\AppData\\Local\\Temp\\playwright-java-15775505015151154928\\package\\lib\\server\\dispatchers\\dispatcher.js:365:39)\n}\nCall log:\n- waiting for getByRole(AriaRole.BUTTON, new Page.GetByRoleOptions().setName(\"Cancel\"))\n","ignore":false}
2025-05-28 11:07:43 INFO  i.q.c.reporters.TestopsReporter - See why this test failed: https://app.qase.io/run/DIAGNOSTIC/dashboard/24?source=logs&status=%5B2%5D&search=3
2025-05-28 11:08:13 INFO  i.q.commons.reporters.CoreReporter - Adding result: {"id":"e26751c8-c891-486c-9065-15062bb87f28","title":"Navigate to Intelligent Diagnostics","signature":"com:qa:nal::diagnostictests.java::diagnostictests::navigatetointelligentdiagnostics::4","testopsId":4,"execution":{"startTime":1748410663670,"status":"FAILED","endTime":1748410693780,"duration":30110,"stacktrace":"org.opentest4j.AssertionFailedError: Navigation to Intelligent Diagnostics failed: Error {\n  message\u003d\u0027Timeout 30000ms exceeded.\n  name\u003d\u0027TimeoutError\n  stack\u003d\u0027TimeoutError: Timeout 30000ms exceeded.\n    at ProgressController.run (C:\\Users\\abhay\\AppData\\Local\\Temp\\playwright-java-15775505015151154928\\package\\lib\\server\\progress.js:78:26)\n    at Frame.hover (C:\\Users\\abhay\\AppData\\Local\\Temp\\playwright-java-15775505015151154928\\package\\lib\\server\\frames.js:1153:23)\n    at FrameDispatcher.hover (C:\\Users\\abhay\\AppData\\Local\\Temp\\playwright-java-15775505015151154928\\package\\lib\\server\\dispatchers\\frameDispatcher.js:237:30)\n    at FrameDispatcher._handleCommand (C:\\Users\\abhay\\AppData\\Local\\Temp\\playwright-java-15775505015151154928\\package\\lib\\server\\dispatchers\\dispatcher.js:94:40)\n    at DispatcherConnection.dispatch (C:\\Users\\abhay\\AppData\\Local\\Temp\\playwright-java-15775505015151154928\\package\\lib\\server\\dispatchers\\dispatcher.js:365:39)\n}\nCall log:\n- waiting for locator(\"body \u003e app \u003e default-layout \u003e div \u003e aside \u003e div.sidebar.collapsed\")\n\r\n\tat org.junit.jupiter.api.AssertionUtils.fail(AssertionUtils.java:38)\r\n\tat org.junit.jupiter.api.Assertions.fail(Assertions.java:138)\r\n\tat com.qa.nal.DiagnosticTests.navigateToIntelligentDiagnostics(DiagnosticTests.java:110)\r\n\tat java.base/jdk.internal.reflect.DirectMethodHandleAccessor.invoke(DirectMethodHandleAccessor.java:104)\r\n\tat java.base/java.lang.reflect.Method.invoke(Method.java:565)\r\n\tat org.junit.platform.commons.util.ReflectionUtils.invokeMethod(ReflectionUtils.java:766)\r\n\tat org.junit.jupiter.engine.execution.MethodInvocation.proceed(MethodInvocation.java:60)\r\n\tat org.junit.jupiter.engine.execution.InvocationInterceptorChain$ValidatingInvocation.proceed(InvocationInterceptorChain.java:131)\r\n\tat io.qase.junit5.QaseListener.interceptTestMethod(QaseListener.java:67)\r\n\tat org.junit.jupiter.engine.execution.InterceptingExecutableInvoker$ReflectiveInterceptorCall.lambda$ofVoidMethod$0(InterceptingExecutableInvoker.java:103)\r\n\tat org.junit.jupiter.engine.execution.InterceptingExecutableInvoker.lambda$invoke$0(InterceptingExecutableInvoker.java:93)\r\n\tat org.junit.jupiter.engine.execution.InvocationInterceptorChain$InterceptedInvocation.proceed(InvocationInterceptorChain.java:106)\r\n\tat org.junit.jupiter.engine.extension.TimeoutExtension.intercept(TimeoutExtension.java:156)\r\n\tat org.junit.jupiter.engine.extension.TimeoutExtension.interceptTestableMethod(TimeoutExtension.java:147)\r\n\tat org.junit.jupiter.engine.extension.TimeoutExtension.interceptTestMethod(TimeoutExtension.java:86)\r\n\tat org.junit.jupiter.engine.execution.InterceptingExecutableInvoker$ReflectiveInterceptorCall.lambda$ofVoidMethod$0(InterceptingExecutableInvoker.java:103)\r\n\tat org.junit.jupiter.engine.execution.InterceptingExecutableInvoker.lambda$invoke$0(InterceptingExecutableInvoker.java:93)\r\n\tat org.junit.jupiter.engine.execution.InvocationInterceptorChain$InterceptedInvocation.proceed(InvocationInterceptorChain.java:106)\r\n\tat org.junit.jupiter.engine.execution.InvocationInterceptorChain.proceed(InvocationInterceptorChain.java:64)\r\n\tat org.junit.jupiter.engine.execution.InvocationInterceptorChain.chainAndInvoke(InvocationInterceptorChain.java:45)\r\n\tat org.junit.jupiter.engine.execution.InvocationInterceptorChain.invoke(InvocationInterceptorChain.java:37)\r\n\tat org.junit.jupiter.engine.execution.InterceptingExecutableInvoker.invoke(InterceptingExecutableInvoker.java:92)\r\n\tat org.junit.jupiter.engine.execution.InterceptingExecutableInvoker.invoke(InterceptingExecutableInvoker.java:86)\r\n\tat org.junit.jupiter.engine.descriptor.TestMethodTestDescriptor.lambda$invokeTestMethod$8(TestMethodTestDescriptor.java:217)\r\n\tat org.junit.platform.engine.support.hierarchical.ThrowableCollector.execute(ThrowableCollector.java:73)\r\n\tat org.junit.jupiter.engine.descriptor.TestMethodTestDescriptor.invokeTestMethod(TestMethodTestDescriptor.java:213)\r\n\tat org.junit.jupiter.engine.descriptor.TestMethodTestDescriptor.execute(TestMethodTestDescriptor.java:138)\r\n\tat org.junit.jupiter.engine.descriptor.TestMethodTestDescriptor.execute(TestMethodTestDescriptor.java:68)\r\n\tat org.junit.platform.engine.support.hierarchical.NodeTestTask.lambda$executeRecursively$6(NodeTestTask.java:156)\r\n\tat org.junit.platform.engine.support.hierarchical.ThrowableCollector.execute(ThrowableCollector.java:73)\r\n\tat org.junit.platform.engine.support.hierarchical.NodeTestTask.lambda$executeRecursively$8(NodeTestTask.java:146)\r\n\tat org.junit.platform.engine.support.hierarchical.Node.around(Node.java:137)\r\n\tat org.junit.platform.engine.support.hierarchical.NodeTestTask.lambda$executeRecursively$9(NodeTestTask.java:144)\r\n\tat org.junit.platform.engine.support.hierarchical.ThrowableCollector.execute(ThrowableCollector.java:73)\r\n\tat org.junit.platform.engine.support.hierarchical.NodeTestTask.executeRecursively(NodeTestTask.java:143)\r\n\tat org.junit.platform.engine.support.hierarchical.NodeTestTask.execute(NodeTestTask.java:100)\r\n\tat java.base/java.util.ArrayList.forEach(ArrayList.java:1604)\r\n\tat org.junit.platform.engine.support.hierarchical.SameThreadHierarchicalTestExecutorService.invokeAll(SameThreadHierarchicalTestExecutorService.java:41)\r\n\tat org.junit.platform.engine.support.hierarchical.NodeTestTask.lambda$executeRecursively$6(NodeTestTask.java:160)\r\n\tat org.junit.platform.engine.support.hierarchical.ThrowableCollector.execute(ThrowableCollector.java:73)\r\n\tat org.junit.platform.engine.support.hierarchical.NodeTestTask.lambda$executeRecursively$8(NodeTestTask.java:146)\r\n\tat org.junit.platform.engine.support.hierarchical.Node.around(Node.java:137)\r\n\tat org.junit.platform.engine.support.hierarchical.NodeTestTask.lambda$executeRecursively$9(NodeTestTask.java:144)\r\n\tat org.junit.platform.engine.support.hierarchical.ThrowableCollector.execute(ThrowableCollector.java:73)\r\n\tat org.junit.platform.engine.support.hierarchical.NodeTestTask.executeRecursively(NodeTestTask.java:143)\r\n\tat org.junit.platform.engine.support.hierarchical.NodeTestTask.execute(NodeTestTask.java:100)\r\n\tat java.base/java.util.ArrayList.forEach(ArrayList.java:1604)\r\n\tat org.junit.platform.engine.support.hierarchical.SameThreadHierarchicalTestExecutorService.invokeAll(SameThreadHierarchicalTestExecutorService.java:41)\r\n\tat org.junit.platform.engine.support.hierarchical.NodeTestTask.lambda$executeRecursively$6(NodeTestTask.java:160)\r\n\tat org.junit.platform.engine.support.hierarchical.ThrowableCollector.execute(ThrowableCollector.java:73)\r\n\tat org.junit.platform.engine.support.hierarchical.NodeTestTask.lambda$executeRecursively$8(NodeTestTask.java:146)\r\n\tat org.junit.platform.engine.support.hierarchical.Node.around(Node.java:137)\r\n\tat org.junit.platform.engine.support.hierarchical.NodeTestTask.lambda$executeRecursively$9(NodeTestTask.java:144)\r\n\tat org.junit.platform.engine.support.hierarchical.ThrowableCollector.execute(ThrowableCollector.java:73)\r\n\tat org.junit.platform.engine.support.hierarchical.NodeTestTask.executeRecursively(NodeTestTask.java:143)\r\n\tat org.junit.platform.engine.support.hierarchical.NodeTestTask.execute(NodeTestTask.java:100)\r\n\tat org.junit.platform.engine.support.hierarchical.SameThreadHierarchicalTestExecutorService.submit(SameThreadHierarchicalTestExecutorService.java:35)\r\n\tat org.junit.platform.engine.support.hierarchical.HierarchicalTestExecutor.execute(HierarchicalTestExecutor.java:57)\r\n\tat org.junit.platform.engine.support.hierarchical.HierarchicalTestEngine.execute(HierarchicalTestEngine.java:54)\r\n\tat org.junit.platform.launcher.core.DefaultLauncher.execute(DefaultLauncher.java:248)\r\n\tat org.junit.platform.launcher.core.DefaultLauncher.lambda$execute$5(DefaultLauncher.java:211)\r\n\tat org.junit.platform.launcher.core.DefaultLauncher.withInterceptedStreams(DefaultLauncher.java:226)\r\n\tat org.junit.platform.launcher.core.DefaultLauncher.execute(DefaultLauncher.java:199)\r\n\tat org.junit.platform.launcher.core.DefaultLauncher.execute(DefaultLauncher.java:132)\r\n\tat org.apache.maven.surefire.junitplatform.JUnitPlatformProvider.execute(JUnitPlatformProvider.java:188)\r\n\tat org.apache.maven.surefire.junitplatform.JUnitPlatformProvider.invokeAllTests(JUnitPlatformProvider.java:154)\r\n\tat org.apache.maven.surefire.junitplatform.JUnitPlatformProvider.invoke(JUnitPlatformProvider.java:128)\r\n\tat org.apache.maven.surefire.booter.ForkedBooter.runSuitesInProcess(ForkedBooter.java:428)\r\n\tat org.apache.maven.surefire.booter.ForkedBooter.execute(ForkedBooter.java:162)\r\n\tat org.apache.maven.surefire.booter.ForkedBooter.run(ForkedBooter.java:562)\r\n\tat org.apache.maven.surefire.booter.ForkedBooter.main(ForkedBooter.java:548)\r\n"},"fields":{},"attachments":[],"steps":[],"params":{},"paramGroups":[],"relations":{"suite":{"data":[{"title":"com.qa.nal.DiagnosticTests","publicId":0}]}},"muted":false,"message":"org.opentest4j.AssertionFailedError: Navigation to Intelligent Diagnostics failed: Error {\n  message\u003d\u0027Timeout 30000ms exceeded.\n  name\u003d\u0027TimeoutError\n  stack\u003d\u0027TimeoutError: Timeout 30000ms exceeded.\n    at ProgressController.run (C:\\Users\\abhay\\AppData\\Local\\Temp\\playwright-java-15775505015151154928\\package\\lib\\server\\progress.js:78:26)\n    at Frame.hover (C:\\Users\\abhay\\AppData\\Local\\Temp\\playwright-java-15775505015151154928\\package\\lib\\server\\frames.js:1153:23)\n    at FrameDispatcher.hover (C:\\Users\\abhay\\AppData\\Local\\Temp\\playwright-java-15775505015151154928\\package\\lib\\server\\dispatchers\\frameDispatcher.js:237:30)\n    at FrameDispatcher._handleCommand (C:\\Users\\abhay\\AppData\\Local\\Temp\\playwright-java-15775505015151154928\\package\\lib\\server\\dispatchers\\dispatcher.js:94:40)\n    at DispatcherConnection.dispatch (C:\\Users\\abhay\\AppData\\Local\\Temp\\playwright-java-15775505015151154928\\package\\lib\\server\\dispatchers\\dispatcher.js:365:39)\n}\nCall log:\n- waiting for locator(\"body \u003e app \u003e default-layout \u003e div \u003e aside \u003e div.sidebar.collapsed\")\n","ignore":false}
2025-05-28 11:08:13 INFO  i.q.c.reporters.TestopsReporter - See why this test failed: https://app.qase.io/run/DIAGNOSTIC/dashboard/24?source=logs&status=%5B2%5D&search=4
2025-05-28 11:08:43 INFO  i.q.commons.reporters.CoreReporter - Adding result: {"id":"77481aa3-7c36-4b9d-b359-38bc18db7a2f","title":"Navigate to Inference Management","signature":"com:qa:nal::diagnostictests.java::diagnostictests::navigatetoinferencemanagement::5","testopsId":5,"execution":{"startTime":1748410693795,"status":"FAILED","endTime":1748410723295,"duration":29500,"stacktrace":"org.opentest4j.AssertionFailedError: Navigation to Inference Management failed: Error {\n  message\u003d\u0027Target page, context or browser has been closed\n  name\u003d\u0027TargetClosedError\n  stack\u003d\u0027TargetClosedError:Target page, context or browser has been closed\nError\n    at captureRawStack (C:\\Users\\abhay\\AppData\\Local\\Temp\\playwright-java-15775505015151154928\\package\\lib\\utils\\stackTrace.js:50:17)\n    at LongStandingScope._race (C:\\Users\\abhay\\AppData\\Local\\Temp\\playwright-java-15775505015151154928\\package\\lib\\utils\\manualPromise.js:91:52)\n    at LongStandingScope.race (C:\\Users\\abhay\\AppData\\Local\\Temp\\playwright-java-15775505015151154928\\package\\lib\\utils\\manualPromise.js:84:17)\n    at C:\\Users\\abhay\\AppData\\Local\\Temp\\playwright-java-15775505015151154928\\package\\lib\\utils\\manualPromise.js:81:43\n    at Array.map (\u003canonymous\u003e)\n    at LongStandingScope.raceMultiple (C:\\Users\\abhay\\AppData\\Local\\Temp\\playwright-java-15775505015151154928\\package\\lib\\utils\\manualPromise.js:81:32)\n    at Frame.retryWithProgressAndTimeouts (C:\\Users\\abhay\\AppData\\Local\\Temp\\playwright-java-15775505015151154928\\package\\lib\\server\\frames.js:908:40)\n    at async C:\\Users\\abhay\\AppData\\Local\\Temp\\playwright-java-15775505015151154928\\package\\lib\\server\\frames.js:997:29\n    at async ProgressController.run (C:\\Users\\abhay\\AppData\\Local\\Temp\\playwright-java-15775505015151154928\\package\\lib\\server\\progress.js:82:22)\n    at async FrameDispatcher.click (C:\\Users\\abhay\\AppData\\Local\\Temp\\playwright-java-15775505015151154928\\package\\lib\\server\\dispatchers\\frameDispatcher.js:158:12)\n    at async LongStandingScope._race (C:\\Users\\abhay\\AppData\\Local\\Temp\\playwright-java-15775505015151154928\\package\\lib\\utils\\manualPromise.js:96:14)\n    at async FrameDispatcher._handleCommand (C:\\Users\\abhay\\AppData\\Local\\Temp\\playwright-java-15775505015151154928\\package\\lib\\server\\dispatchers\\dispatcher.js:96:14)\n    at async DispatcherConnection.dispatch (C:\\Users\\abhay\\AppData\\Local\\Temp\\playwright-java-15775505015151154928\\package\\lib\\server\\dispatchers\\dispatcher.js:365:22)\n}\nCall log:\n- waiting for getByRole(AriaRole.LINK, new Page.GetByRoleOptions().setName(\"ï„‘ Inference Management\"))\n\r\n\tat org.junit.jupiter.api.AssertionUtils.fail(AssertionUtils.java:38)\r\n\tat org.junit.jupiter.api.Assertions.fail(Assertions.java:138)\r\n\tat com.qa.nal.DiagnosticTests.navigateToInferenceManagement(DiagnosticTests.java:695)\r\n\tat java.base/jdk.internal.reflect.DirectMethodHandleAccessor.invoke(DirectMethodHandleAccessor.java:104)\r\n\tat java.base/java.lang.reflect.Method.invoke(Method.java:565)\r\n\tat org.junit.platform.commons.util.ReflectionUtils.invokeMethod(ReflectionUtils.java:766)\r\n\tat org.junit.jupiter.engine.execution.MethodInvocation.proceed(MethodInvocation.java:60)\r\n\tat org.junit.jupiter.engine.execution.InvocationInterceptorChain$ValidatingInvocation.proceed(InvocationInterceptorChain.java:131)\r\n\tat io.qase.junit5.QaseListener.interceptTestMethod(QaseListener.java:67)\r\n\tat org.junit.jupiter.engine.execution.InterceptingExecutableInvoker$ReflectiveInterceptorCall.lambda$ofVoidMethod$0(InterceptingExecutableInvoker.java:103)\r\n\tat org.junit.jupiter.engine.execution.InterceptingExecutableInvoker.lambda$invoke$0(InterceptingExecutableInvoker.java:93)\r\n\tat org.junit.jupiter.engine.execution.InvocationInterceptorChain$InterceptedInvocation.proceed(InvocationInterceptorChain.java:106)\r\n\tat org.junit.jupiter.engine.extension.TimeoutExtension.intercept(TimeoutExtension.java:156)\r\n\tat org.junit.jupiter.engine.extension.TimeoutExtension.interceptTestableMethod(TimeoutExtension.java:147)\r\n\tat org.junit.jupiter.engine.extension.TimeoutExtension.interceptTestMethod(TimeoutExtension.java:86)\r\n\tat org.junit.jupiter.engine.execution.InterceptingExecutableInvoker$ReflectiveInterceptorCall.lambda$ofVoidMethod$0(InterceptingExecutableInvoker.java:103)\r\n\tat org.junit.jupiter.engine.execution.InterceptingExecutableInvoker.lambda$invoke$0(InterceptingExecutableInvoker.java:93)\r\n\tat org.junit.jupiter.engine.execution.InvocationInterceptorChain$InterceptedInvocation.proceed(InvocationInterceptorChain.java:106)\r\n\tat org.junit.jupiter.engine.execution.InvocationInterceptorChain.proceed(InvocationInterceptorChain.java:64)\r\n\tat org.junit.jupiter.engine.execution.InvocationInterceptorChain.chainAndInvoke(InvocationInterceptorChain.java:45)\r\n\tat org.junit.jupiter.engine.execution.InvocationInterceptorChain.invoke(InvocationInterceptorChain.java:37)\r\n\tat org.junit.jupiter.engine.execution.InterceptingExecutableInvoker.invoke(InterceptingExecutableInvoker.java:92)\r\n\tat org.junit.jupiter.engine.execution.InterceptingExecutableInvoker.invoke(InterceptingExecutableInvoker.java:86)\r\n\tat org.junit.jupiter.engine.descriptor.TestMethodTestDescriptor.lambda$invokeTestMethod$8(TestMethodTestDescriptor.java:217)\r\n\tat org.junit.platform.engine.support.hierarchical.ThrowableCollector.execute(ThrowableCollector.java:73)\r\n\tat org.junit.jupiter.engine.descriptor.TestMethodTestDescriptor.invokeTestMethod(TestMethodTestDescriptor.java:213)\r\n\tat org.junit.jupiter.engine.descriptor.TestMethodTestDescriptor.execute(TestMethodTestDescriptor.java:138)\r\n\tat org.junit.jupiter.engine.descriptor.TestMethodTestDescriptor.execute(TestMethodTestDescriptor.java:68)\r\n\tat org.junit.platform.engine.support.hierarchical.NodeTestTask.lambda$executeRecursively$6(NodeTestTask.java:156)\r\n\tat org.junit.platform.engine.support.hierarchical.ThrowableCollector.execute(ThrowableCollector.java:73)\r\n\tat org.junit.platform.engine.support.hierarchical.NodeTestTask.lambda$executeRecursively$8(NodeTestTask.java:146)\r\n\tat org.junit.platform.engine.support.hierarchical.Node.around(Node.java:137)\r\n\tat org.junit.platform.engine.support.hierarchical.NodeTestTask.lambda$executeRecursively$9(NodeTestTask.java:144)\r\n\tat org.junit.platform.engine.support.hierarchical.ThrowableCollector.execute(ThrowableCollector.java:73)\r\n\tat org.junit.platform.engine.support.hierarchical.NodeTestTask.executeRecursively(NodeTestTask.java:143)\r\n\tat org.junit.platform.engine.support.hierarchical.NodeTestTask.execute(NodeTestTask.java:100)\r\n\tat java.base/java.util.ArrayList.forEach(ArrayList.java:1604)\r\n\tat org.junit.platform.engine.support.hierarchical.SameThreadHierarchicalTestExecutorService.invokeAll(SameThreadHierarchicalTestExecutorService.java:41)\r\n\tat org.junit.platform.engine.support.hierarchical.NodeTestTask.lambda$executeRecursively$6(NodeTestTask.java:160)\r\n\tat org.junit.platform.engine.support.hierarchical.ThrowableCollector.execute(ThrowableCollector.java:73)\r\n\tat org.junit.platform.engine.support.hierarchical.NodeTestTask.lambda$executeRecursively$8(NodeTestTask.java:146)\r\n\tat org.junit.platform.engine.support.hierarchical.Node.around(Node.java:137)\r\n\tat org.junit.platform.engine.support.hierarchical.NodeTestTask.lambda$executeRecursively$9(NodeTestTask.java:144)\r\n\tat org.junit.platform.engine.support.hierarchical.ThrowableCollector.execute(ThrowableCollector.java:73)\r\n\tat org.junit.platform.engine.support.hierarchical.NodeTestTask.executeRecursively(NodeTestTask.java:143)\r\n\tat org.junit.platform.engine.support.hierarchical.NodeTestTask.execute(NodeTestTask.java:100)\r\n\tat java.base/java.util.ArrayList.forEach(ArrayList.java:1604)\r\n\tat org.junit.platform.engine.support.hierarchical.SameThreadHierarchicalTestExecutorService.invokeAll(SameThreadHierarchicalTestExecutorService.java:41)\r\n\tat org.junit.platform.engine.support.hierarchical.NodeTestTask.lambda$executeRecursively$6(NodeTestTask.java:160)\r\n\tat org.junit.platform.engine.support.hierarchical.ThrowableCollector.execute(ThrowableCollector.java:73)\r\n\tat org.junit.platform.engine.support.hierarchical.NodeTestTask.lambda$executeRecursively$8(NodeTestTask.java:146)\r\n\tat org.junit.platform.engine.support.hierarchical.Node.around(Node.java:137)\r\n\tat org.junit.platform.engine.support.hierarchical.NodeTestTask.lambda$executeRecursively$9(NodeTestTask.java:144)\r\n\tat org.junit.platform.engine.support.hierarchical.ThrowableCollector.execute(ThrowableCollector.java:73)\r\n\tat org.junit.platform.engine.support.hierarchical.NodeTestTask.executeRecursively(NodeTestTask.java:143)\r\n\tat org.junit.platform.engine.support.hierarchical.NodeTestTask.execute(NodeTestTask.java:100)\r\n\tat org.junit.platform.engine.support.hierarchical.SameThreadHierarchicalTestExecutorService.submit(SameThreadHierarchicalTestExecutorService.java:35)\r\n\tat org.junit.platform.engine.support.hierarchical.HierarchicalTestExecutor.execute(HierarchicalTestExecutor.java:57)\r\n\tat org.junit.platform.engine.support.hierarchical.HierarchicalTestEngine.execute(HierarchicalTestEngine.java:54)\r\n\tat org.junit.platform.launcher.core.DefaultLauncher.execute(DefaultLauncher.java:248)\r\n\tat org.junit.platform.launcher.core.DefaultLauncher.lambda$execute$5(DefaultLauncher.java:211)\r\n\tat org.junit.platform.launcher.core.DefaultLauncher.withInterceptedStreams(DefaultLauncher.java:226)\r\n\tat org.junit.platform.launcher.core.DefaultLauncher.execute(DefaultLauncher.java:199)\r\n\tat org.junit.platform.launcher.core.DefaultLauncher.execute(DefaultLauncher.java:132)\r\n\tat org.apache.maven.surefire.junitplatform.JUnitPlatformProvider.execute(JUnitPlatformProvider.java:188)\r\n\tat org.apache.maven.surefire.junitplatform.JUnitPlatformProvider.invokeAllTests(JUnitPlatformProvider.java:154)\r\n\tat org.apache.maven.surefire.junitplatform.JUnitPlatformProvider.invoke(JUnitPlatformProvider.java:128)\r\n\tat org.apache.maven.surefire.booter.ForkedBooter.runSuitesInProcess(ForkedBooter.java:428)\r\n\tat org.apache.maven.surefire.booter.ForkedBooter.execute(ForkedBooter.java:162)\r\n\tat org.apache.maven.surefire.booter.ForkedBooter.run(ForkedBooter.java:562)\r\n\tat org.apache.maven.surefire.booter.ForkedBooter.main(ForkedBooter.java:548)\r\n"},"fields":{},"attachments":[],"steps":[],"params":{},"paramGroups":[],"relations":{"suite":{"data":[{"title":"com.qa.nal.DiagnosticTests","publicId":0}]}},"muted":false,"message":"org.opentest4j.AssertionFailedError: Navigation to Inference Management failed: Error {\n  message\u003d\u0027Target page, context or browser has been closed\n  name\u003d\u0027TargetClosedError\n  stack\u003d\u0027TargetClosedError:Target page, context or browser has been closed\nError\n    at captureRawStack (C:\\Users\\abhay\\AppData\\Local\\Temp\\playwright-java-15775505015151154928\\package\\lib\\utils\\stackTrace.js:50:17)\n    at LongStandingScope._race (C:\\Users\\abhay\\AppData\\Local\\Temp\\playwright-java-15775505015151154928\\package\\lib\\utils\\manualPromise.js:91:52)\n    at LongStandingScope.race (C:\\Users\\abhay\\AppData\\Local\\Temp\\playwright-java-15775505015151154928\\package\\lib\\utils\\manualPromise.js:84:17)\n    at C:\\Users\\abhay\\AppData\\Local\\Temp\\playwright-java-15775505015151154928\\package\\lib\\utils\\manualPromise.js:81:43\n    at Array.map (\u003canonymous\u003e)\n    at LongStandingScope.raceMultiple (C:\\Users\\abhay\\AppData\\Local\\Temp\\playwright-java-15775505015151154928\\package\\lib\\utils\\manualPromise.js:81:32)\n    at Frame.retryWithProgressAndTimeouts (C:\\Users\\abhay\\AppData\\Local\\Temp\\playwright-java-15775505015151154928\\package\\lib\\server\\frames.js:908:40)\n    at async C:\\Users\\abhay\\AppData\\Local\\Temp\\playwright-java-15775505015151154928\\package\\lib\\server\\frames.js:997:29\n    at async ProgressController.run (C:\\Users\\abhay\\AppData\\Local\\Temp\\playwright-java-15775505015151154928\\package\\lib\\server\\progress.js:82:22)\n    at async FrameDispatcher.click (C:\\Users\\abhay\\AppData\\Local\\Temp\\playwright-java-15775505015151154928\\package\\lib\\server\\dispatchers\\frameDispatcher.js:158:12)\n    at async LongStandingScope._race (C:\\Users\\abhay\\AppData\\Local\\Temp\\playwright-java-15775505015151154928\\package\\lib\\utils\\manualPromise.js:96:14)\n    at async FrameDispatcher._handleCommand (C:\\Users\\abhay\\AppData\\Local\\Temp\\playwright-java-15775505015151154928\\package\\lib\\server\\dispatchers\\dispatcher.js:96:14)\n    at async DispatcherConnection.dispatch (C:\\Users\\abhay\\AppData\\Local\\Temp\\playwright-java-15775505015151154928\\package\\lib\\server\\dispatchers\\dispatcher.js:365:22)\n}\nCall log:\n- waiting for getByRole(AriaRole.LINK, new Page.GetByRoleOptions().setName(\"ï„‘ Inference Management\"))\n","ignore":false}
2025-05-28 11:08:43 INFO  i.q.c.reporters.TestopsReporter - See why this test failed: https://app.qase.io/run/DIAGNOSTIC/dashboard/24?source=logs&status=%5B2%5D&search=5
2025-05-28 11:08:43 INFO  i.q.commons.reporters.CoreReporter - Adding result: {"id":"5c90f494-dbc3-4e46-a054-f59bea560547","title":"Navigate to Inference Graph","signature":"com:qa:nal::diagnostictests.java::diagnostictests::navigatetograph::6","testopsId":6,"execution":{"startTime":1748410723448,"status":"FAILED","endTime":1748410723561,"duration":113,"stacktrace":"org.opentest4j.AssertionFailedError: Navigation to Inference Management failed: Error {\n  message\u003d\u0027Target page, context or browser has been closed\n  name\u003d\u0027TargetClosedError\n  stack\u003d\u0027TargetClosedError: Target page, context or browser has been closed\n    at DispatcherConnection.dispatch (C:\\Users\\abhay\\AppData\\Local\\Temp\\playwright-java-15775505015151154928\\package\\lib\\server\\dispatchers\\dispatcher.js:277:44)\n    at transport.onmessage (C:\\Users\\abhay\\AppData\\Local\\Temp\\playwright-java-15775505015151154928\\package\\lib\\cli\\driver.js:52:57)\n    at Immediate._onImmediate (C:\\Users\\abhay\\AppData\\Local\\Temp\\playwright-java-15775505015151154928\\package\\lib\\protocol\\transport.js:77:34)\n    at process.processImmediate (node:internal/timers:478:21)\n}\r\n\tat org.junit.jupiter.api.AssertionUtils.fail(AssertionUtils.java:38)\r\n\tat org.junit.jupiter.api.Assertions.fail(Assertions.java:138)\r\n\tat com.qa.nal.DiagnosticTests.navigateToGraph(DiagnosticTests.java:745)\r\n\tat java.base/jdk.internal.reflect.DirectMethodHandleAccessor.invoke(DirectMethodHandleAccessor.java:104)\r\n\tat java.base/java.lang.reflect.Method.invoke(Method.java:565)\r\n\tat org.junit.platform.commons.util.ReflectionUtils.invokeMethod(ReflectionUtils.java:766)\r\n\tat org.junit.jupiter.engine.execution.MethodInvocation.proceed(MethodInvocation.java:60)\r\n\tat org.junit.jupiter.engine.execution.InvocationInterceptorChain$ValidatingInvocation.proceed(InvocationInterceptorChain.java:131)\r\n\tat io.qase.junit5.QaseListener.interceptTestMethod(QaseListener.java:67)\r\n\tat org.junit.jupiter.engine.execution.InterceptingExecutableInvoker$ReflectiveInterceptorCall.lambda$ofVoidMethod$0(InterceptingExecutableInvoker.java:103)\r\n\tat org.junit.jupiter.engine.execution.InterceptingExecutableInvoker.lambda$invoke$0(InterceptingExecutableInvoker.java:93)\r\n\tat org.junit.jupiter.engine.execution.InvocationInterceptorChain$InterceptedInvocation.proceed(InvocationInterceptorChain.java:106)\r\n\tat org.junit.jupiter.engine.extension.TimeoutExtension.intercept(TimeoutExtension.java:156)\r\n\tat org.junit.jupiter.engine.extension.TimeoutExtension.interceptTestableMethod(TimeoutExtension.java:147)\r\n\tat org.junit.jupiter.engine.extension.TimeoutExtension.interceptTestMethod(TimeoutExtension.java:86)\r\n\tat org.junit.jupiter.engine.execution.InterceptingExecutableInvoker$ReflectiveInterceptorCall.lambda$ofVoidMethod$0(InterceptingExecutableInvoker.java:103)\r\n\tat org.junit.jupiter.engine.execution.InterceptingExecutableInvoker.lambda$invoke$0(InterceptingExecutableInvoker.java:93)\r\n\tat org.junit.jupiter.engine.execution.InvocationInterceptorChain$InterceptedInvocation.proceed(InvocationInterceptorChain.java:106)\r\n\tat org.junit.jupiter.engine.execution.InvocationInterceptorChain.proceed(InvocationInterceptorChain.java:64)\r\n\tat org.junit.jupiter.engine.execution.InvocationInterceptorChain.chainAndInvoke(InvocationInterceptorChain.java:45)\r\n\tat org.junit.jupiter.engine.execution.InvocationInterceptorChain.invoke(InvocationInterceptorChain.java:37)\r\n\tat org.junit.jupiter.engine.execution.InterceptingExecutableInvoker.invoke(InterceptingExecutableInvoker.java:92)\r\n\tat org.junit.jupiter.engine.execution.InterceptingExecutableInvoker.invoke(InterceptingExecutableInvoker.java:86)\r\n\tat org.junit.jupiter.engine.descriptor.TestMethodTestDescriptor.lambda$invokeTestMethod$8(TestMethodTestDescriptor.java:217)\r\n\tat org.junit.platform.engine.support.hierarchical.ThrowableCollector.execute(ThrowableCollector.java:73)\r\n\tat org.junit.jupiter.engine.descriptor.TestMethodTestDescriptor.invokeTestMethod(TestMethodTestDescriptor.java:213)\r\n\tat org.junit.jupiter.engine.descriptor.TestMethodTestDescriptor.execute(TestMethodTestDescriptor.java:138)\r\n\tat org.junit.jupiter.engine.descriptor.TestMethodTestDescriptor.execute(TestMethodTestDescriptor.java:68)\r\n\tat org.junit.platform.engine.support.hierarchical.NodeTestTask.lambda$executeRecursively$6(NodeTestTask.java:156)\r\n\tat org.junit.platform.engine.support.hierarchical.ThrowableCollector.execute(ThrowableCollector.java:73)\r\n\tat org.junit.platform.engine.support.hierarchical.NodeTestTask.lambda$executeRecursively$8(NodeTestTask.java:146)\r\n\tat org.junit.platform.engine.support.hierarchical.Node.around(Node.java:137)\r\n\tat org.junit.platform.engine.support.hierarchical.NodeTestTask.lambda$executeRecursively$9(NodeTestTask.java:144)\r\n\tat org.junit.platform.engine.support.hierarchical.ThrowableCollector.execute(ThrowableCollector.java:73)\r\n\tat org.junit.platform.engine.support.hierarchical.NodeTestTask.executeRecursively(NodeTestTask.java:143)\r\n\tat org.junit.platform.engine.support.hierarchical.NodeTestTask.execute(NodeTestTask.java:100)\r\n\tat java.base/java.util.ArrayList.forEach(ArrayList.java:1604)\r\n\tat org.junit.platform.engine.support.hierarchical.SameThreadHierarchicalTestExecutorService.invokeAll(SameThreadHierarchicalTestExecutorService.java:41)\r\n\tat org.junit.platform.engine.support.hierarchical.NodeTestTask.lambda$executeRecursively$6(NodeTestTask.java:160)\r\n\tat org.junit.platform.engine.support.hierarchical.ThrowableCollector.execute(ThrowableCollector.java:73)\r\n\tat org.junit.platform.engine.support.hierarchical.NodeTestTask.lambda$executeRecursively$8(NodeTestTask.java:146)\r\n\tat org.junit.platform.engine.support.hierarchical.Node.around(Node.java:137)\r\n\tat org.junit.platform.engine.support.hierarchical.NodeTestTask.lambda$executeRecursively$9(NodeTestTask.java:144)\r\n\tat org.junit.platform.engine.support.hierarchical.ThrowableCollector.execute(ThrowableCollector.java:73)\r\n\tat org.junit.platform.engine.support.hierarchical.NodeTestTask.executeRecursively(NodeTestTask.java:143)\r\n\tat org.junit.platform.engine.support.hierarchical.NodeTestTask.execute(NodeTestTask.java:100)\r\n\tat java.base/java.util.ArrayList.forEach(ArrayList.java:1604)\r\n\tat org.junit.platform.engine.support.hierarchical.SameThreadHierarchicalTestExecutorService.invokeAll(SameThreadHierarchicalTestExecutorService.java:41)\r\n\tat org.junit.platform.engine.support.hierarchical.NodeTestTask.lambda$executeRecursively$6(NodeTestTask.java:160)\r\n\tat org.junit.platform.engine.support.hierarchical.ThrowableCollector.execute(ThrowableCollector.java:73)\r\n\tat org.junit.platform.engine.support.hierarchical.NodeTestTask.lambda$executeRecursively$8(NodeTestTask.java:146)\r\n\tat org.junit.platform.engine.support.hierarchical.Node.around(Node.java:137)\r\n\tat org.junit.platform.engine.support.hierarchical.NodeTestTask.lambda$executeRecursively$9(NodeTestTask.java:144)\r\n\tat org.junit.platform.engine.support.hierarchical.ThrowableCollector.execute(ThrowableCollector.java:73)\r\n\tat org.junit.platform.engine.support.hierarchical.NodeTestTask.executeRecursively(NodeTestTask.java:143)\r\n\tat org.junit.platform.engine.support.hierarchical.NodeTestTask.execute(NodeTestTask.java:100)\r\n\tat org.junit.platform.engine.support.hierarchical.SameThreadHierarchicalTestExecutorService.submit(SameThreadHierarchicalTestExecutorService.java:35)\r\n\tat org.junit.platform.engine.support.hierarchical.HierarchicalTestExecutor.execute(HierarchicalTestExecutor.java:57)\r\n\tat org.junit.platform.engine.support.hierarchical.HierarchicalTestEngine.execute(HierarchicalTestEngine.java:54)\r\n\tat org.junit.platform.launcher.core.DefaultLauncher.execute(DefaultLauncher.java:248)\r\n\tat org.junit.platform.launcher.core.DefaultLauncher.lambda$execute$5(DefaultLauncher.java:211)\r\n\tat org.junit.platform.launcher.core.DefaultLauncher.withInterceptedStreams(DefaultLauncher.java:226)\r\n\tat org.junit.platform.launcher.core.DefaultLauncher.execute(DefaultLauncher.java:199)\r\n\tat org.junit.platform.launcher.core.DefaultLauncher.execute(DefaultLauncher.java:132)\r\n\tat org.apache.maven.surefire.junitplatform.JUnitPlatformProvider.execute(JUnitPlatformProvider.java:188)\r\n\tat org.apache.maven.surefire.junitplatform.JUnitPlatformProvider.invokeAllTests(JUnitPlatformProvider.java:154)\r\n\tat org.apache.maven.surefire.junitplatform.JUnitPlatformProvider.invoke(JUnitPlatformProvider.java:128)\r\n\tat org.apache.maven.surefire.booter.ForkedBooter.runSuitesInProcess(ForkedBooter.java:428)\r\n\tat org.apache.maven.surefire.booter.ForkedBooter.execute(ForkedBooter.java:162)\r\n\tat org.apache.maven.surefire.booter.ForkedBooter.run(ForkedBooter.java:562)\r\n\tat org.apache.maven.surefire.booter.ForkedBooter.main(ForkedBooter.java:548)\r\n"},"fields":{},"attachments":[],"steps":[],"params":{},"paramGroups":[],"relations":{"suite":{"data":[{"title":"com.qa.nal.DiagnosticTests","publicId":0}]}},"muted":false,"message":"org.opentest4j.AssertionFailedError: Navigation to Inference Management failed: Error {\n  message\u003d\u0027Target page, context or browser has been closed\n  name\u003d\u0027TargetClosedError\n  stack\u003d\u0027TargetClosedError: Target page, context or browser has been closed\n    at DispatcherConnection.dispatch (C:\\Users\\abhay\\AppData\\Local\\Temp\\playwright-java-15775505015151154928\\package\\lib\\server\\dispatchers\\dispatcher.js:277:44)\n    at transport.onmessage (C:\\Users\\abhay\\AppData\\Local\\Temp\\playwright-java-15775505015151154928\\package\\lib\\cli\\driver.js:52:57)\n    at Immediate._onImmediate (C:\\Users\\abhay\\AppData\\Local\\Temp\\playwright-java-15775505015151154928\\package\\lib\\protocol\\transport.js:77:34)\n    at process.processImmediate (node:internal/timers:478:21)\n}","ignore":false}
2025-05-28 11:08:43 INFO  i.q.c.reporters.TestopsReporter - See why this test failed: https://app.qase.io/run/DIAGNOSTIC/dashboard/24?source=logs&status=%5B2%5D&search=6
2025-05-28 11:08:44 INFO  i.q.commons.reporters.CoreReporter - Uploading results
2025-05-28 11:08:47 INFO  i.q.commons.reporters.CoreReporter - Completing test run
2025-05-28 11:08:48 INFO  io.qase.commons.client.ApiClientV1 - Test run link: https://app.qase.io/run/DIAGNOSTIC/dashboard/24
2025-05-28 11:08:48 INFO  i.q.c.reporters.TestopsReporter - Test run 24 completed
2025-05-28 11:10:20 INFO  i.q.commons.reporters.CoreReporter - Qase config: {"mode":"OFF","fallback":"OFF","environment":"","rootSuite":"","debug":false,"testops":{"project":"","defect":false,"api":{"host":"qase.io","token":""},"run":{"title":"Automated run 2025-05-28T11:10:20.6360389","description":"","complete":true,"id":0},"plan":{"id":0},"batch":{"size":200}},"report":{"driver":"LOCAL","connection":{"local":{"format":"JSON","path":"./build/qase-report"}}}}
2025-05-28 11:10:21 INFO  i.q.commons.reporters.CoreReporter - Starting test run
2025-05-28 11:11:04 INFO  i.q.commons.reporters.CoreReporter - Adding result: [FAILED toString()]
2025-05-28 11:11:35 INFO  i.q.commons.reporters.CoreReporter - Adding result: [FAILED toString()]
2025-05-28 11:12:48 INFO  i.q.commons.reporters.CoreReporter - Qase config: {"mode":"OFF","fallback":"OFF","environment":"","rootSuite":"","debug":false,"testops":{"project":"","defect":false,"api":{"host":"qase.io","token":""},"run":{"title":"Automated run 2025-05-28T11:12:48.0920415","description":"","complete":true,"id":0},"plan":{"id":0},"batch":{"size":200}},"report":{"driver":"LOCAL","connection":{"local":{"format":"JSON","path":"./build/qase-report"}}}}
2025-05-28 11:12:48 INFO  i.q.commons.reporters.CoreReporter - Starting test run
2025-05-28 11:12:48 ERROR io.qase.commons.CasesStorage - A case has not been started yet.
2025-05-28 11:12:48 ERROR io.qase.commons.CasesStorage - A case has not been started yet.
2025-05-28 11:12:48 ERROR io.qase.commons.CasesStorage - A case has not been started yet.
2025-05-28 11:12:48 ERROR io.qase.commons.CasesStorage - A case has not been started yet.
2025-05-28 11:12:48 ERROR io.qase.commons.CasesStorage - A case has not been started yet.
2025-05-28 11:12:48 ERROR io.qase.commons.CasesStorage - A case has not been started yet.
2025-05-28 11:12:48 ERROR io.qase.commons.CasesStorage - A case has not been started yet.
2025-05-28 11:12:48 ERROR io.qase.commons.CasesStorage - A case has not been started yet.
2025-05-28 11:12:48 ERROR io.qase.commons.CasesStorage - A case has not been started yet.
2025-05-28 11:12:48 ERROR io.qase.commons.CasesStorage - A case has not been started yet.
2025-05-28 11:12:48 ERROR io.qase.commons.CasesStorage - A case has not been started yet.
2025-05-28 11:12:48 ERROR io.qase.commons.CasesStorage - A case has not been started yet.
2025-05-28 11:12:48 INFO  i.q.commons.reporters.CoreReporter - Uploading results
2025-05-28 11:12:48 INFO  i.q.commons.reporters.CoreReporter - Completing test run
2025-05-28 11:14:13 INFO  i.q.commons.reporters.CoreReporter - Qase config: {"mode":"OFF","fallback":"OFF","environment":"","rootSuite":"","debug":false,"testops":{"project":"","defect":false,"api":{"host":"qase.io","token":""},"run":{"title":"Automated run 2025-05-28T11:14:13.7375386","description":"","complete":true,"id":0},"plan":{"id":0},"batch":{"size":200}},"report":{"driver":"LOCAL","connection":{"local":{"format":"JSON","path":"./build/qase-report"}}}}
2025-05-28 11:14:14 INFO  i.q.commons.reporters.CoreReporter - Starting test run
2025-05-28 11:14:14 ERROR io.qase.commons.CasesStorage - A case has not been started yet.
2025-05-28 11:14:14 ERROR io.qase.commons.CasesStorage - A case has not been started yet.
2025-05-28 11:14:14 ERROR io.qase.commons.CasesStorage - A case has not been started yet.
2025-05-28 11:14:14 ERROR io.qase.commons.CasesStorage - A case has not been started yet.
2025-05-28 11:14:14 ERROR io.qase.commons.CasesStorage - A case has not been started yet.
2025-05-28 11:14:14 ERROR io.qase.commons.CasesStorage - A case has not been started yet.
2025-05-28 11:14:14 ERROR io.qase.commons.CasesStorage - A case has not been started yet.
2025-05-28 11:14:14 ERROR io.qase.commons.CasesStorage - A case has not been started yet.
2025-05-28 11:14:14 ERROR io.qase.commons.CasesStorage - A case has not been started yet.
2025-05-28 11:14:14 ERROR io.qase.commons.CasesStorage - A case has not been started yet.
2025-05-28 11:14:14 ERROR io.qase.commons.CasesStorage - A case has not been started yet.
2025-05-28 11:14:14 ERROR io.qase.commons.CasesStorage - A case has not been started yet.
2025-05-28 11:14:14 INFO  i.q.commons.reporters.CoreReporter - Uploading results
2025-05-28 11:14:14 INFO  i.q.commons.reporters.CoreReporter - Completing test run
